<?xml version="1.0" encoding="UTF-8"?>
<testsuite name="UserStory.RunFeatureTest" time="0.008" tests="56" errors="0" skipped="0" failures="0">
  <properties>
[...]
</properties>
  <testcase name="Dado que mi proyecto tiene &quot;5&quot; iteraciones y la numero &quot;3&quot; esta activa" classname="Escenario: Agregado de una iteracion" time="0"/>
  <testcase name="Cuando agrego una iteracion" classname="Escenario: Agregado de una iteracion" time="0"/>
  <testcase name="Entonces mi proyecto tiene &quot;6&quot; iteraciones" classname="Escenario: Agregado de una iteracion" time="0"/>
  <testcase name="Escenario: Agregado de una iteracion" classname="Escenario: Agregado de una iteracion" time="0"/>
  <testcase name="Dado que mi proyecto tiene &quot;5&quot; iteraciones y la numero &quot;3&quot; esta activa" classname="Escenario: Finalizacion de una iteracion valida" time="0"/>
  <testcase name="Cuando finalizo la iteracion &quot;3&quot;" classname="Escenario: Finalizacion de una iteracion valida" time="0"/>
  <testcase name="Entonces la iteracion &quot;3&quot; esta finalizada" classname="Escenario: Finalizacion de una iteracion valida" time="0"/>
  <testcase name="Escenario: Finalizacion de una iteracion valida" classname="Escenario: Finalizacion de una iteracion valida" time="0.001"/>
  <testcase name="Dado que mi proyecto tiene &quot;5&quot; iteraciones y la numero &quot;3&quot; esta activa" classname="Escenario: Finalizacion de una iteracion valida con tarea incompleta" time="0"/>
  <testcase name="Cuando finalizo la iteracion &quot;3&quot; sin finalizar todas las tareas" classname="Escenario: Finalizacion de una iteracion valida con tarea incompleta" time="0"/>
  <testcase name="Entonces la iteracion &quot;3&quot; esta activa" classname="Escenario: Finalizacion de una iteracion valida con tarea incompleta" time="0"/>
  <testcase name="Escenario: Finalizacion de una iteracion valida con tarea incompleta" classname="Escenario: Finalizacion de una iteracion valida con tarea incompleta" time="0"/>
  <testcase name="Dado que mi proyecto tiene &quot;5&quot; iteraciones y la numero &quot;3&quot; esta activa" classname="Escenario: Finalizacion de una iteracion invalida" time="0"/>
  <testcase name="Cuando finalizo la iteracion &quot;4&quot;" classname="Escenario: Finalizacion de una iteracion invalida" time="0"/>
  <testcase name="Entonces la iteracion &quot;4&quot; no esta activa" classname="Escenario: Finalizacion de una iteracion invalida" time="0.001"/>
  <testcase name="Escenario: Finalizacion de una iteracion invalida" classname="Escenario: Finalizacion de una iteracion invalida" time="0.001"/>
  <testcase name="Dado que mi proyecto tiene una iteracion y se finalizo la tarea &quot;true&quot;" classname="Escenario: Finalizado de un proyecto valido" time="0"/>
  <testcase name="Cuando finalizo el proyecto" classname="Escenario: Finalizado de un proyecto valido" time="0"/>
  <testcase name="Entonces el proyecto esta finalizado" classname="Escenario: Finalizado de un proyecto valido" time="0"/>
  <testcase name="Escenario: Finalizado de un proyecto valido" classname="Escenario: Finalizado de un proyecto valido" time="0"/>
  <testcase name="Dado que mi proyecto tiene una iteracion y se finalizo la tarea &quot;false&quot;" classname="Escenario: Finalizado de un proyecto invalido" time="0"/>
  <testcase name="Cuando finalizo el proyecto" classname="Escenario: Finalizado de un proyecto invalido" time="0"/>
  <testcase name="Entonces el proyecto no esta finalizado" classname="Escenario: Finalizado de un proyecto invalido" time="0"/>
  <testcase name="Escenario: Finalizado de un proyecto invalido" classname="Escenario: Finalizado de un proyecto invalido" time="0.001"/>
  <testcase name="Dado que mi proyecto tiene &quot;2&quot; iteraciones,la iteracion &quot;1&quot; es la activa y tiene &quot;1&quot; tarea" classname="Escenario: Agregado de tareas a una iteracion valida" time="0"/>
  <testcase name="Cuando agrego una tarea a la iteracion &quot;1&quot;" classname="Escenario: Agregado de tareas a una iteracion valida" time="0"/>
  <testcase name="Entonces la iteracion &quot;1&quot; ahora tiene &quot;2&quot; tareas" classname="Escenario: Agregado de tareas a una iteracion valida" time="0"/>
  <testcase name="Escenario: Agregado de tareas a una iteracion valida" classname="Escenario: Agregado de tareas a una iteracion valida" time="0"/>
  <testcase name="Dado que mi proyecto tiene &quot;2&quot; iteraciones,la iteracion &quot;0&quot; es la activa y tiene &quot;1&quot; tarea" classname="Escenario: Agregado de tareas a una iteracion invalida" time="0"/>
  <testcase name="Cuando agrego una tarea a la iteracion &quot;0&quot;" classname="Escenario: Agregado de tareas a una iteracion invalida" time="0"/>
  <testcase name="Entonces la iteracion &quot;0&quot; sigue teniendo &quot;1&quot; tareas" classname="Escenario: Agregado de tareas a una iteracion invalida" time="0"/>
  <testcase name="Escenario: Agregado de tareas a una iteracion invalida" classname="Escenario: Agregado de tareas a una iteracion invalida" time="0.001"/>
  <testcase name="Dado que el que usuario &quot;1&quot; posee la tarea &quot;xxxx&quot;" classname="Escenario: Finalizacion de una tarea por usuario que trabaja en ella" time="0"/>
  <testcase name="Cuando el usuario &quot;1&quot; finaliza la tarea &quot;xxxx&quot;" classname="Escenario: Finalizacion de una tarea por usuario que trabaja en ella" time="0"/>
  <testcase name="Entonces la tarea &quot;xxxx&quot; esta finalizada" classname="Escenario: Finalizacion de una tarea por usuario que trabaja en ella" time="0"/>
  <testcase name="Escenario: Finalizacion de una tarea por usuario que trabaja en ella" classname="Escenario: Finalizacion de una tarea por usuario que trabaja en ella" time="0.001"/>
  <testcase name="Dado que el que usuario &quot;1&quot; posee la tarea &quot;xxxx&quot;" classname="Escenario: Finalizacion de una tarea por usuario que no trabaja en ella" time="0"/>
  <testcase name="Cuando el usuario &quot;2&quot; finaliza la tarea &quot;xxxx&quot;" classname="Escenario: Finalizacion de una tarea por usuario que no trabaja en ella" time="0"/>
  <testcase name="Entonces la tarea &quot;xxxx&quot; no esta finalizada" classname="Escenario: Finalizacion de una tarea por usuario que no trabaja en ella" time="0"/>
  <testcase name="Escenario: Finalizacion de una tarea por usuario que no trabaja en ella" classname="Escenario: Finalizacion de una tarea por usuario que no trabaja en ella" time="0"/>
  <testcase name="Dado que mi proyecto no inicializado tiene la tarea &quot;xxxx&quot;" classname="Escenario: Iniciar una tarea en un proyecto no inicializado" time="0"/>
  <testcase name="Cuando el usuario &quot;1&quot; inicializa la tarea &quot;xxxx&quot;" classname="Escenario: Iniciar una tarea en un proyecto no inicializado" time="0"/>
  <testcase name="Entonces la tarea &quot;xxxx&quot; no esta activada" classname="Escenario: Iniciar una tarea en un proyecto no inicializado" time="0"/>
  <testcase name="Escenario: Iniciar una tarea en un proyecto no inicializado" classname="Escenario: Iniciar una tarea en un proyecto no inicializado" time="0"/>
  <testcase name="Dado que mi proyecto tiene una iteracion con &quot;5&quot; tareas y las primeras &quot;3&quot; terminadas" classname="Escenario: Un gerente pide la cantidad de tareas en determinado proyecto" time="0"/>
  <testcase name="Cuando el usuario &quot;0&quot; pide las tareas de ese proyecto" classname="Escenario: Un gerente pide la cantidad de tareas en determinado proyecto" time="0.001"/>
  <testcase name="Entonces obtengo un listado con &quot;5&quot; tareas" classname="Escenario: Un gerente pide la cantidad de tareas en determinado proyecto" time="0"/>
  <testcase name="Escenario: Un gerente pide la cantidad de tareas en determinado proyecto" classname="Escenario: Un gerente pide la cantidad de tareas en determinado proyecto" time="0.001"/>
  <testcase name="Dado que mi proyecto tiene una iteracion con &quot;5&quot; tareas y las primeras &quot;3&quot; terminadas" classname="Escenario: Un gerente pide la cantidad de tareas terminadas en determinado proyecto" time="0"/>
  <testcase name="Cuando el usuario &quot;0&quot; pide las tareas terminadas de ese proyecto" classname="Escenario: Un gerente pide la cantidad de tareas terminadas en determinado proyecto" time="0"/>
  <testcase name="Entonces obtengo un listado con &quot;3&quot; tareas" classname="Escenario: Un gerente pide la cantidad de tareas terminadas en determinado proyecto" time="0"/>
  <testcase name="Escenario: Un gerente pide la cantidad de tareas terminadas en determinado proyecto" classname="Escenario: Un gerente pide la cantidad de tareas terminadas en determinado proyecto" time="0"/>
  <testcase name="Dado que mi proyecto tiene una iteracion con &quot;5&quot; tareas y las primeras &quot;3&quot; terminadas" classname="Escenario: Un usuario fuera del proyecto pide la cantidad de tares en determinado proyecto" time="0"/>
  <testcase name="Cuando el usuario &quot;2&quot; pide las tareas de ese proyecto" classname="Escenario: Un usuario fuera del proyecto pide la cantidad de tares en determinado proyecto" time="0"/>
  <testcase name="Entonces obtengo un listado null" classname="Escenario: Un usuario fuera del proyecto pide la cantidad de tares en determinado proyecto" time="0"/>
  <testcase name="Escenario: Un usuario fuera del proyecto pide la cantidad de tares en determinado proyecto" classname="Escenario: Un usuario fuera del proyecto pide la cantidad de tares en determinado proyecto" time="0"/>
</testsuite>